===================================================================
web crawling program running...
current time: 12/28/2020 15:08:09
crawling towed bike at date 2020-12-28
(add 1 entries)
===================================================================

===================================================================
web crawling program running...
current time: 12/28/20 15:10:00
crawling towed bike at date 2020-12-28
(no entry add)
===================================================================

===================================================================
web crawling program running...
current time: 12/28/20 15:20:00
crawling towed bike at date 2020-12-28
(add 5 entries)
===================================================================

===================================================================
web crawling program running...
current time: 12/28/20 15:30:00
crawling towed bike at date 2020-12-28
(add 3 entries)
===================================================================

===================================================================
web crawling program running...
current time: 12/28/20 15:40:00
crawling towed bike at date 2020-12-28
(add 6 entries)
===================================================================

===================================================================
web crawling program running...
current time: 12/28/20 15:50:01
crawling towed bike at date 2020-12-28
(add 8 entries)
===================================================================

===================================================================
web crawling program running...
current time: 12/28/20 16:00:01
crawling towed bike at date 2020-12-28
(add 1 entries)
===================================================================

===================================================================
web crawling program running...
current time: 12/28/20 16:10:00
crawling towed bike at date 2020-12-28
(no entry add)
===================================================================

===================================================================
web crawling program running...
current time: 12/28/20 16:20:00
crawling towed bike at date 2020-12-28
(no entry add)
===================================================================

===================================================================
web crawling program running...
current time: 12/28/20 16:30:00
crawling towed bike at date 2020-12-28
(no entry add)
===================================================================

===================================================================
web crawling program running...
current time: 12/28/20 16:40:00
crawling towed bike at date 2020-12-28
(no entry add)
===================================================================

===================================================================
web crawling program running...
current time: 12/28/20 16:50:01
crawling towed bike at date 2020-12-28
(no entry add)
===================================================================

===================================================================
web crawling program running...
current time: 12/28/20 17:00:00
crawling towed bike at date 2020-12-28
(no entry add)
===================================================================

===================================================================
web crawling program running...
current time: 12/28/20 17:10:01
crawling towed bike at date 2020-12-28
(no entry add)
===================================================================

===================================================================
web crawling program running...
current time: 12/28/20 17:20:00
crawling towed bike at date 2020-12-28
(no entry add)
===================================================================

===================================================================
web crawling program running...
current time: 12/28/20 17:34:16
crawling towed bike at date 2020-12-28
HTTPSConnectionPool(host='mybike.ntu.edu.tw', port=443): Max retries exceeded with url: /bike.announcement/towing/fdate/MjAyMC8xMi8yOA==/page/100 (Caused by NewConnectionError('<urllib3.connection.VerifiedHTTPSConnection object at 0x7fe511090510>: Failed to establish a new connection: [Errno 8] nodename nor servname provided, or not known'))
===================================================================

===================================================================
web crawling program running...
current time: 12/28/20 17:42:16
crawling towed bike at date 2020-12-28
(no entry add)
===================================================================

===================================================================
web crawling program running...
current time: 12/28/20 17:50:01
crawling towed bike at date 2020-12-28
(no entry add)
===================================================================

===================================================================
web crawling program running...
current time: 12/28/20 18:00:00
crawling towed bike at date 2020-12-28
(no entry add)
===================================================================

===================================================================
web crawling program running...
current time: 12/28/20 18:10:00
crawling towed bike at date 2020-12-28
(no entry add)
===================================================================

===================================================================
web crawling program running...
current time: 12/28/20 18:20:00
crawling towed bike at date 2020-12-28
(no entry add)
===================================================================

===================================================================
web crawling program running...
current time: 12/28/20 18:30:00
crawling towed bike at date 2020-12-28
(no entry add)
===================================================================

===================================================================
web crawling program running...
current time: 12/28/20 18:40:00
crawling towed bike at date 2020-12-28
(no entry add)
===================================================================

===================================================================
web crawling program running...
current time: 12/28/20 18:50:00
crawling towed bike at date 2020-12-28
(no entry add)
===================================================================

