===================================================================
web crawling program running...
current time: 12/28/2020 15:08:22
getting all entry from 2020/12/01 to today from website...
crawling towed bike at date 2020-12-01
crawling towed bike at date 2020-12-02
crawling towed bike at date 2020-12-03
crawling towed bike at date 2020-12-04
crawling towed bike at date 2020-12-05
crawling towed bike at date 2020-12-06
crawling towed bike at date 2020-12-07
crawling towed bike at date 2020-12-08
crawling towed bike at date 2020-12-09
crawling towed bike at date 2020-12-10
crawling towed bike at date 2020-12-11
crawling towed bike at date 2020-12-12
crawling towed bike at date 2020-12-13
crawling towed bike at date 2020-12-14
crawling towed bike at date 2020-12-15
crawling towed bike at date 2020-12-16
crawling towed bike at date 2020-12-17
crawling towed bike at date 2020-12-18
crawling towed bike at date 2020-12-19
crawling towed bike at date 2020-12-20
crawling towed bike at date 2020-12-21
crawling towed bike at date 2020-12-22
crawling towed bike at date 2020-12-23
crawling towed bike at date 2020-12-24
crawling towed bike at date 2020-12-25
crawling towed bike at date 2020-12-26
crawling towed bike at date 2020-12-27
crawling towed bike at date 2020-12-28
have get all data from websites
get all entry from 2020/12/01 to today from mySQL...
web bike count: 312
db bike count : 1333
check for update...
(update 36 entries)
===================================================================

===================================================================
web crawling program running...
current time: 12/28/20 15:10:14
getting all entry from 2020/12/01 to today from website...
crawling towed bike at date 2020-12-01
crawling towed bike at date 2020-12-02
crawling towed bike at date 2020-12-03
crawling towed bike at date 2020-12-04
crawling towed bike at date 2020-12-05
crawling towed bike at date 2020-12-06
crawling towed bike at date 2020-12-07
crawling towed bike at date 2020-12-08
crawling towed bike at date 2020-12-09
crawling towed bike at date 2020-12-10
crawling towed bike at date 2020-12-11
crawling towed bike at date 2020-12-12
crawling towed bike at date 2020-12-13
crawling towed bike at date 2020-12-14
crawling towed bike at date 2020-12-15
crawling towed bike at date 2020-12-16
crawling towed bike at date 2020-12-17
crawling towed bike at date 2020-12-18
crawling towed bike at date 2020-12-19
crawling towed bike at date 2020-12-20
crawling towed bike at date 2020-12-21
crawling towed bike at date 2020-12-22
crawling towed bike at date 2020-12-23
crawling towed bike at date 2020-12-24
crawling towed bike at date 2020-12-25
crawling towed bike at date 2020-12-26
crawling towed bike at date 2020-12-27
crawling towed bike at date 2020-12-28
('Connection aborted.', OSError("(32, 'EPIPE')"))
('Connection aborted.', OSError("(32, 'EPIPE')"))
('Connection aborted.', OSError("(32, 'EPIPE')"))
('Connection aborted.', OSError("(32, 'EPIPE')"))
('Connection aborted.', OSError("(32, 'EPIPE')"))
('Connection aborted.', OSError("(32, 'EPIPE')"))
('Connection aborted.', OSError("(32, 'EPIPE')"))
('Connection aborted.', OSError("(32, 'EPIPE')"))
have get all data from websites
===================================================================

===================================================================
web crawling program running...
current time: 12/28/20 15:20:22
getting all entry from 2020/12/01 to today from website...
crawling towed bike at date 2020-12-01
crawling towed bike at date 2020-12-02
crawling towed bike at date 2020-12-03
crawling towed bike at date 2020-12-04
crawling towed bike at date 2020-12-05
crawling towed bike at date 2020-12-06
crawling towed bike at date 2020-12-07
crawling towed bike at date 2020-12-08
crawling towed bike at date 2020-12-09
crawling towed bike at date 2020-12-10
crawling towed bike at date 2020-12-11
crawling towed bike at date 2020-12-12
crawling towed bike at date 2020-12-13
crawling towed bike at date 2020-12-14
crawling towed bike at date 2020-12-15
crawling towed bike at date 2020-12-16
crawling towed bike at date 2020-12-17
crawling towed bike at date 2020-12-18
crawling towed bike at date 2020-12-19
crawling towed bike at date 2020-12-20
crawling towed bike at date 2020-12-21
crawling towed bike at date 2020-12-22
crawling towed bike at date 2020-12-23
crawling towed bike at date 2020-12-24
crawling towed bike at date 2020-12-25
crawling towed bike at date 2020-12-26
crawling towed bike at date 2020-12-27
crawling towed bike at date 2020-12-28
('Connection aborted.', OSError("(32, 'EPIPE')"))
('Connection aborted.', OSError("(54, 'ECONNRESET')"))
have get all data from websites
===================================================================

===================================================================
web crawling program running...
current time: 12/28/20 15:30:21
getting all entry from 2020/12/01 to today from website...
crawling towed bike at date 2020-12-01
crawling towed bike at date 2020-12-02
crawling towed bike at date 2020-12-03
crawling towed bike at date 2020-12-04
crawling towed bike at date 2020-12-05
crawling towed bike at date 2020-12-06
crawling towed bike at date 2020-12-07
crawling towed bike at date 2020-12-08
crawling towed bike at date 2020-12-09
crawling towed bike at date 2020-12-10
crawling towed bike at date 2020-12-11
crawling towed bike at date 2020-12-12
crawling towed bike at date 2020-12-13
crawling towed bike at date 2020-12-14
crawling towed bike at date 2020-12-15
crawling towed bike at date 2020-12-16
crawling towed bike at date 2020-12-17
crawling towed bike at date 2020-12-18
crawling towed bike at date 2020-12-19
crawling towed bike at date 2020-12-20
crawling towed bike at date 2020-12-21
crawling towed bike at date 2020-12-22
crawling towed bike at date 2020-12-23
crawling towed bike at date 2020-12-24
crawling towed bike at date 2020-12-25
crawling towed bike at date 2020-12-26
crawling towed bike at date 2020-12-27
crawling towed bike at date 2020-12-28
HTTPSConnectionPool(host='mybike.ntu.edu.tw', port=443): Max retries exceeded with url: /bike.announcement/towing/fdate/MjAyMC8xMi8wMw==/page/100 (Caused by NewConnectionError('<urllib3.connection.VerifiedHTTPSConnection object at 0x7fb19d83c4d0>: Failed to establish a new connection: [Errno 8] nodename nor servname provided, or not known'))
have get all data from websites
===================================================================

===================================================================
web crawling program running...
current time: 12/28/20 15:40:22
getting all entry from 2020/12/01 to today from website...
crawling towed bike at date 2020-12-01
crawling towed bike at date 2020-12-02
crawling towed bike at date 2020-12-03
crawling towed bike at date 2020-12-04
crawling towed bike at date 2020-12-05
crawling towed bike at date 2020-12-06
crawling towed bike at date 2020-12-07
crawling towed bike at date 2020-12-08
crawling towed bike at date 2020-12-09
crawling towed bike at date 2020-12-10
crawling towed bike at date 2020-12-11
crawling towed bike at date 2020-12-12
crawling towed bike at date 2020-12-13
crawling towed bike at date 2020-12-14
crawling towed bike at date 2020-12-15
crawling towed bike at date 2020-12-16
crawling towed bike at date 2020-12-17
crawling towed bike at date 2020-12-18
crawling towed bike at date 2020-12-19
crawling towed bike at date 2020-12-20
crawling towed bike at date 2020-12-21
crawling towed bike at date 2020-12-22
crawling towed bike at date 2020-12-23
crawling towed bike at date 2020-12-24
crawling towed bike at date 2020-12-25
crawling towed bike at date 2020-12-26
crawling towed bike at date 2020-12-27
crawling towed bike at date 2020-12-28
('Connection aborted.', OSError("(32, 'EPIPE')"))
('Connection aborted.', OSError("(32, 'EPIPE')"))
('Connection aborted.', OSError("(32, 'EPIPE')"))
('Connection aborted.', OSError("(32, 'EPIPE')"))
('Connection aborted.', OSError("(32, 'EPIPE')"))
('Connection aborted.', OSError("(32, 'EPIPE')"))
('Connection aborted.', OSError("(32, 'EPIPE')"))
('Connection aborted.', OSError("(32, 'EPIPE')"))
('Connection aborted.', OSError("(32, 'EPIPE')"))
('Connection aborted.', OSError("(32, 'EPIPE')"))
('Connection aborted.', OSError("(32, 'EPIPE')"))
have get all data from websites
===================================================================

===================================================================
web crawling program running...
current time: 12/28/20 15:50:22
getting all entry from 2020/12/01 to today from website...
crawling towed bike at date 2020-12-01
crawling towed bike at date 2020-12-02
crawling towed bike at date 2020-12-03
crawling towed bike at date 2020-12-04
crawling towed bike at date 2020-12-05
crawling towed bike at date 2020-12-06
crawling towed bike at date 2020-12-07
crawling towed bike at date 2020-12-08
crawling towed bike at date 2020-12-09
crawling towed bike at date 2020-12-10
crawling towed bike at date 2020-12-11
crawling towed bike at date 2020-12-12
crawling towed bike at date 2020-12-13
crawling towed bike at date 2020-12-14
crawling towed bike at date 2020-12-15
crawling towed bike at date 2020-12-16
crawling towed bike at date 2020-12-17
crawling towed bike at date 2020-12-18
crawling towed bike at date 2020-12-19
crawling towed bike at date 2020-12-20
crawling towed bike at date 2020-12-21
crawling towed bike at date 2020-12-22
crawling towed bike at date 2020-12-23
crawling towed bike at date 2020-12-24
crawling towed bike at date 2020-12-25
crawling towed bike at date 2020-12-26
crawling towed bike at date 2020-12-27
crawling towed bike at date 2020-12-28
('Connection aborted.', OSError("(32, 'EPIPE')"))
('Connection aborted.', OSError("(32, 'EPIPE')"))
('Connection aborted.', OSError("(32, 'EPIPE')"))
('Connection aborted.', OSError("(32, 'EPIPE')"))
('Connection aborted.', OSError("(32, 'EPIPE')"))
have get all data from websites
===================================================================

===================================================================
web crawling program running...
current time: 12/28/20 16:00:22
getting all entry from 2020/12/01 to today from website...
crawling towed bike at date 2020-12-01
crawling towed bike at date 2020-12-02
crawling towed bike at date 2020-12-03
crawling towed bike at date 2020-12-04
crawling towed bike at date 2020-12-05
crawling towed bike at date 2020-12-06
crawling towed bike at date 2020-12-07
crawling towed bike at date 2020-12-08
crawling towed bike at date 2020-12-09
crawling towed bike at date 2020-12-10
crawling towed bike at date 2020-12-11
crawling towed bike at date 2020-12-12
crawling towed bike at date 2020-12-13
crawling towed bike at date 2020-12-14
crawling towed bike at date 2020-12-15
crawling towed bike at date 2020-12-16
crawling towed bike at date 2020-12-17
crawling towed bike at date 2020-12-18
crawling towed bike at date 2020-12-19
crawling towed bike at date 2020-12-20
crawling towed bike at date 2020-12-21
crawling towed bike at date 2020-12-22
crawling towed bike at date 2020-12-23
crawling towed bike at date 2020-12-24
crawling towed bike at date 2020-12-25
crawling towed bike at date 2020-12-26
crawling towed bike at date 2020-12-27
crawling towed bike at date 2020-12-28
('Connection aborted.', OSError("(32, 'EPIPE')"))
('Connection aborted.', OSError("(32, 'EPIPE')"))
('Connection aborted.', OSError("(32, 'EPIPE')"))
('Connection aborted.', OSError("(32, 'EPIPE')"))
('Connection aborted.', OSError("(32, 'EPIPE')"))
('Connection aborted.', OSError("(32, 'EPIPE')"))
('Connection aborted.', OSError("(32, 'EPIPE')"))
('Connection aborted.', OSError("(32, 'EPIPE')"))
('Connection aborted.', OSError("(32, 'EPIPE')"))
('Connection aborted.', OSError("(54, 'ECONNRESET')"))
('Connection aborted.', OSError("(32, 'EPIPE')"))
('Connection aborted.', OSError("(32, 'EPIPE')"))
have get all data from websites
===================================================================

===================================================================
web crawling program running...
current time: 12/28/20 16:10:24
getting all entry from 2020/12/01 to today from website...
crawling towed bike at date 2020-12-01
crawling towed bike at date 2020-12-02
crawling towed bike at date 2020-12-03
crawling towed bike at date 2020-12-04
crawling towed bike at date 2020-12-05
crawling towed bike at date 2020-12-06
crawling towed bike at date 2020-12-07
crawling towed bike at date 2020-12-08
crawling towed bike at date 2020-12-09
crawling towed bike at date 2020-12-10
crawling towed bike at date 2020-12-11
crawling towed bike at date 2020-12-12
crawling towed bike at date 2020-12-13
crawling towed bike at date 2020-12-14
crawling towed bike at date 2020-12-15
crawling towed bike at date 2020-12-16
crawling towed bike at date 2020-12-17
crawling towed bike at date 2020-12-18
crawling towed bike at date 2020-12-19
crawling towed bike at date 2020-12-20
crawling towed bike at date 2020-12-21
crawling towed bike at date 2020-12-22
crawling towed bike at date 2020-12-23
crawling towed bike at date 2020-12-24
crawling towed bike at date 2020-12-25
crawling towed bike at date 2020-12-26
crawling towed bike at date 2020-12-27
crawling towed bike at date 2020-12-28
('Connection aborted.', OSError("(32, 'EPIPE')"))
('Connection aborted.', OSError("(32, 'EPIPE')"))
have get all data from websites
===================================================================

===================================================================
web crawling program running...
current time: 12/28/20 16:20:23
getting all entry from 2020/12/01 to today from website...
crawling towed bike at date 2020-12-01
crawling towed bike at date 2020-12-02
crawling towed bike at date 2020-12-03
crawling towed bike at date 2020-12-04
crawling towed bike at date 2020-12-05
crawling towed bike at date 2020-12-06
crawling towed bike at date 2020-12-07
crawling towed bike at date 2020-12-08
crawling towed bike at date 2020-12-09
crawling towed bike at date 2020-12-10
crawling towed bike at date 2020-12-11
crawling towed bike at date 2020-12-12
crawling towed bike at date 2020-12-13
crawling towed bike at date 2020-12-14
crawling towed bike at date 2020-12-15
crawling towed bike at date 2020-12-16
crawling towed bike at date 2020-12-17
crawling towed bike at date 2020-12-18
crawling towed bike at date 2020-12-19
crawling towed bike at date 2020-12-20
crawling towed bike at date 2020-12-21
crawling towed bike at date 2020-12-22
crawling towed bike at date 2020-12-23
crawling towed bike at date 2020-12-24
crawling towed bike at date 2020-12-25
crawling towed bike at date 2020-12-26
crawling towed bike at date 2020-12-27
crawling towed bike at date 2020-12-28
('Connection aborted.', OSError("(32, 'EPIPE')"))
('Connection aborted.', OSError("(32, 'EPIPE')"))
('Connection aborted.', OSError("(32, 'EPIPE')"))
('Connection aborted.', OSError("(32, 'EPIPE')"))
('Connection aborted.', OSError("(54, 'ECONNRESET')"))
('Connection aborted.', OSError("(32, 'EPIPE')"))
have get all data from websites
===================================================================

===================================================================
web crawling program running...
current time: 12/28/20 16:30:17
getting all entry from 2020/12/01 to today from website...
crawling towed bike at date 2020-12-01
crawling towed bike at date 2020-12-02
crawling towed bike at date 2020-12-03
crawling towed bike at date 2020-12-04
crawling towed bike at date 2020-12-05
crawling towed bike at date 2020-12-06
crawling towed bike at date 2020-12-07
crawling towed bike at date 2020-12-08
crawling towed bike at date 2020-12-09
crawling towed bike at date 2020-12-10
crawling towed bike at date 2020-12-11
crawling towed bike at date 2020-12-12
crawling towed bike at date 2020-12-13
crawling towed bike at date 2020-12-14
crawling towed bike at date 2020-12-15
crawling towed bike at date 2020-12-16
crawling towed bike at date 2020-12-17
crawling towed bike at date 2020-12-18
crawling towed bike at date 2020-12-19
crawling towed bike at date 2020-12-20
crawling towed bike at date 2020-12-21
crawling towed bike at date 2020-12-22
crawling towed bike at date 2020-12-23
crawling towed bike at date 2020-12-24
crawling towed bike at date 2020-12-25
crawling towed bike at date 2020-12-26
crawling towed bike at date 2020-12-27
crawling towed bike at date 2020-12-28
('Connection aborted.', OSError("(54, 'ECONNRESET')"))
('Connection aborted.', OSError("(54, 'ECONNRESET')"))
('Connection aborted.', OSError("(32, 'EPIPE')"))
('Connection aborted.', OSError("(32, 'EPIPE')"))
('Connection aborted.', OSError("(32, 'EPIPE')"))
('Connection aborted.', OSError("(32, 'EPIPE')"))
have get all data from websites
===================================================================

===================================================================
web crawling program running...
current time: 12/28/20 16:40:21
getting all entry from 2020/12/01 to today from website...
crawling towed bike at date 2020-12-01
crawling towed bike at date 2020-12-02
crawling towed bike at date 2020-12-03
crawling towed bike at date 2020-12-04
crawling towed bike at date 2020-12-05
crawling towed bike at date 2020-12-06
crawling towed bike at date 2020-12-07
crawling towed bike at date 2020-12-08
crawling towed bike at date 2020-12-09
crawling towed bike at date 2020-12-10
crawling towed bike at date 2020-12-11
crawling towed bike at date 2020-12-12
crawling towed bike at date 2020-12-13
crawling towed bike at date 2020-12-14
crawling towed bike at date 2020-12-15
crawling towed bike at date 2020-12-16
crawling towed bike at date 2020-12-17
crawling towed bike at date 2020-12-18
crawling towed bike at date 2020-12-19
crawling towed bike at date 2020-12-20
crawling towed bike at date 2020-12-21
crawling towed bike at date 2020-12-22
crawling towed bike at date 2020-12-23
crawling towed bike at date 2020-12-24
crawling towed bike at date 2020-12-25
crawling towed bike at date 2020-12-26
crawling towed bike at date 2020-12-27
crawling towed bike at date 2020-12-28
have get all data from websites
get all entry from 2020/12/01 to today from mySQL...
web bike count: 322
db bike count : 1356
check for update...
(update 13 entries)
===================================================================

===================================================================
web crawling program running...
current time: 12/28/20 16:50:19
getting all entry from 2020/12/01 to today from website...
crawling towed bike at date 2020-12-01
crawling towed bike at date 2020-12-02
crawling towed bike at date 2020-12-03
crawling towed bike at date 2020-12-04
crawling towed bike at date 2020-12-05
crawling towed bike at date 2020-12-06
crawling towed bike at date 2020-12-07
crawling towed bike at date 2020-12-08
crawling towed bike at date 2020-12-09
crawling towed bike at date 2020-12-10
crawling towed bike at date 2020-12-11
crawling towed bike at date 2020-12-12
crawling towed bike at date 2020-12-13
crawling towed bike at date 2020-12-14
crawling towed bike at date 2020-12-15
crawling towed bike at date 2020-12-16
crawling towed bike at date 2020-12-17
crawling towed bike at date 2020-12-18
crawling towed bike at date 2020-12-19
crawling towed bike at date 2020-12-20
crawling towed bike at date 2020-12-21
crawling towed bike at date 2020-12-22
crawling towed bike at date 2020-12-23
crawling towed bike at date 2020-12-24
crawling towed bike at date 2020-12-25
crawling towed bike at date 2020-12-26
crawling towed bike at date 2020-12-27
crawling towed bike at date 2020-12-28
have get all data from websites
get all entry from 2020/12/01 to today from mySQL...
web bike count: 322
db bike count : 1356
check for update...
(no update need)
===================================================================

===================================================================
web crawling program running...
current time: 12/28/20 17:00:20
getting all entry from 2020/12/01 to today from website...
crawling towed bike at date 2020-12-01
crawling towed bike at date 2020-12-02
crawling towed bike at date 2020-12-03
crawling towed bike at date 2020-12-04
crawling towed bike at date 2020-12-05
crawling towed bike at date 2020-12-06
crawling towed bike at date 2020-12-07
crawling towed bike at date 2020-12-08
crawling towed bike at date 2020-12-09
crawling towed bike at date 2020-12-10
crawling towed bike at date 2020-12-11
crawling towed bike at date 2020-12-12
crawling towed bike at date 2020-12-13
crawling towed bike at date 2020-12-14
crawling towed bike at date 2020-12-15
crawling towed bike at date 2020-12-16
crawling towed bike at date 2020-12-17
crawling towed bike at date 2020-12-18
crawling towed bike at date 2020-12-19
crawling towed bike at date 2020-12-20
crawling towed bike at date 2020-12-21
crawling towed bike at date 2020-12-22
crawling towed bike at date 2020-12-23
crawling towed bike at date 2020-12-24
crawling towed bike at date 2020-12-25
crawling towed bike at date 2020-12-26
crawling towed bike at date 2020-12-27
crawling towed bike at date 2020-12-28
have get all data from websites
get all entry from 2020/12/01 to today from mySQL...
web bike count: 322
db bike count : 1356
check for update...
(no update need)
===================================================================

===================================================================
web crawling program running...
current time: 12/28/20 17:10:26
getting all entry from 2020/12/01 to today from website...
crawling towed bike at date 2020-12-01
crawling towed bike at date 2020-12-02
crawling towed bike at date 2020-12-03
crawling towed bike at date 2020-12-04
crawling towed bike at date 2020-12-05
crawling towed bike at date 2020-12-06
crawling towed bike at date 2020-12-07
crawling towed bike at date 2020-12-08
crawling towed bike at date 2020-12-09
crawling towed bike at date 2020-12-10
crawling towed bike at date 2020-12-11
crawling towed bike at date 2020-12-12
crawling towed bike at date 2020-12-13
crawling towed bike at date 2020-12-14
crawling towed bike at date 2020-12-15
crawling towed bike at date 2020-12-16
crawling towed bike at date 2020-12-17
crawling towed bike at date 2020-12-18
crawling towed bike at date 2020-12-19
crawling towed bike at date 2020-12-20
crawling towed bike at date 2020-12-21
crawling towed bike at date 2020-12-22
crawling towed bike at date 2020-12-23
crawling towed bike at date 2020-12-24
crawling towed bike at date 2020-12-25
crawling towed bike at date 2020-12-26
crawling towed bike at date 2020-12-27
crawling towed bike at date 2020-12-28
have get all data from websites
get all entry from 2020/12/01 to today from mySQL...
web bike count: 322
db bike count : 1356
check for update...
(no update need)
===================================================================

===================================================================
web crawling program running...
current time: 12/28/20 17:20:20
getting all entry from 2020/12/01 to today from website...
crawling towed bike at date 2020-12-01
crawling towed bike at date 2020-12-02
crawling towed bike at date 2020-12-03
crawling towed bike at date 2020-12-04
crawling towed bike at date 2020-12-05
crawling towed bike at date 2020-12-06
crawling towed bike at date 2020-12-07
crawling towed bike at date 2020-12-08
crawling towed bike at date 2020-12-09
crawling towed bike at date 2020-12-10
crawling towed bike at date 2020-12-11
crawling towed bike at date 2020-12-12
crawling towed bike at date 2020-12-13
crawling towed bike at date 2020-12-14
crawling towed bike at date 2020-12-15
crawling towed bike at date 2020-12-16
crawling towed bike at date 2020-12-17
crawling towed bike at date 2020-12-18
crawling towed bike at date 2020-12-19
crawling towed bike at date 2020-12-20
crawling towed bike at date 2020-12-21
crawling towed bike at date 2020-12-22
crawling towed bike at date 2020-12-23
crawling towed bike at date 2020-12-24
crawling towed bike at date 2020-12-25
crawling towed bike at date 2020-12-26
crawling towed bike at date 2020-12-27
crawling towed bike at date 2020-12-28
('Connection aborted.', OSError("(32, 'EPIPE')"))
('Connection aborted.', OSError("(32, 'EPIPE')"))
('Connection aborted.', OSError("(32, 'EPIPE')"))
have get all data from websites
===================================================================

===================================================================
web crawling program running...
current time: 12/28/20 17:34:19
getting all entry from 2020/12/01 to today from website...
crawling towed bike at date 2020-12-01
crawling towed bike at date 2020-12-02
crawling towed bike at date 2020-12-03
crawling towed bike at date 2020-12-04
crawling towed bike at date 2020-12-05
crawling towed bike at date 2020-12-06
crawling towed bike at date 2020-12-07
crawling towed bike at date 2020-12-08
crawling towed bike at date 2020-12-09
crawling towed bike at date 2020-12-10
crawling towed bike at date 2020-12-11
crawling towed bike at date 2020-12-12
crawling towed bike at date 2020-12-13
crawling towed bike at date 2020-12-14
crawling towed bike at date 2020-12-15
crawling towed bike at date 2020-12-16
crawling towed bike at date 2020-12-17
crawling towed bike at date 2020-12-18
crawling towed bike at date 2020-12-19
crawling towed bike at date 2020-12-20
HTTPSConnectionPool(host='mybike.ntu.edu.tw', port=443): Max retries exceeded with url: /bike.announcement/towing/fdate/MjAyMC8xMi8wMw==/page/100 (Caused by NewConnectionError('<urllib3.connection.VerifiedHTTPSConnection object at 0x7febdf9322d0>: Failed to establish a new connection: [Errno 8] nodename nor servname provided, or not known'))
HTTPSConnectionPool(host='mybike.ntu.edu.tw', port=443): Max retries exceeded with url: /bike.announcement/towing/fdate/MjAyMC8xMi8xOQ==/page/100 (Caused by NewConnectionError('<urllib3.connection.VerifiedHTTPSConnection object at 0x7febdf932190>: Failed to establish a new connection: [Errno 8] nodename nor servname provided, or not known'))
crawling towed bike at date 2020-12-21
HTTPSConnectionPool(host='mybike.ntu.edu.tw', port=443): Max retries exceeded with url: /bike.announcement/towing/fdate/MjAyMC8xMi8xNQ==/page/100 (Caused by NewConnectionError('<urllib3.connection.VerifiedHTTPSConnection object at 0x7febdf93b8d0>: Failed to establish a new connection: [Errno 8] nodename nor servname provided, or not known'))
HTTPSConnectionPool(host='mybike.ntu.edu.tw', port=443): Max retries exceeded with url: /bike.announcement/towing/fdate/MjAyMC8xMi8wNQ==/page/100 (Caused by NewConnectionError('<urllib3.connection.VerifiedHTTPSConnection object at 0x7febdf845810>: Failed to establish a new connection: [Errno 8] nodename nor servname provided, or not known'))
crawling towed bike at date 2020-12-22
HTTPSConnectionPool(host='mybike.ntu.edu.tw', port=443): Max retries exceeded with url: /bike.announcement/towing/fdate/MjAyMC8xMi8xNA==/page/100 (Caused by NewConnectionError('<urllib3.connection.VerifiedHTTPSConnection object at 0x7febdf932d50>: Failed to establish a new connection: [Errno 8] nodename nor servname provided, or not known'))
HTTPSConnectionPool(host='mybike.ntu.edu.tw', port=443): Max retries exceeded with url: /bike.announcement/towing/fdate/MjAyMC8xMi8wMg==/page/100 (Caused by NewConnectionError('<urllib3.connection.VerifiedHTTPSConnection object at 0x7febdf932c90>: Failed to establish a new connection: [Errno 8] nodename nor servname provided, or not known'))
HTTPSConnectionPool(host='mybike.ntu.edu.tw', port=443): Max retries exceeded with url: /bike.announcement/towing/fdate/MjAyMC8xMi8wNA==/page/100 (Caused by NewConnectionError('<urllib3.connection.VerifiedHTTPSConnection object at 0x7febdf932050>: Failed to establish a new connection: [Errno 8] nodename nor servname provided, or not known'))
HTTPSConnectionPool(host='mybike.ntu.edu.tw', port=443): Max retries exceeded with url: /bike.announcement/towing/fdate/MjAyMC8xMi8wMQ==/page/100 (Caused by NewConnectionError('<urllib3.connection.VerifiedHTTPSConnection object at 0x7febdf8b1f90>: Failed to establish a new connection: [Errno 8] nodename nor servname provided, or not known'))
HTTPSConnectionPool(host='mybike.ntu.edu.tw', port=443): Max retries exceeded with url: /bike.announcement/towing/fdate/MjAyMC8xMi8xNw==/page/100 (Caused by NewConnectionError('<urllib3.connection.VerifiedHTTPSConnection object at 0x7febdf91bb50>: Failed to establish a new connection: [Errno 8] nodename nor servname provided, or not known'))
crawling towed bike at date 2020-12-23
HTTPSConnectionPool(host='mybike.ntu.edu.tw', port=443): Max retries exceeded with url: /bike.announcement/towing/fdate/MjAyMC8xMi8xOA==/page/100 (Caused by NewConnectionError('<urllib3.connection.VerifiedHTTPSConnection object at 0x7febdf951450>: Failed to establish a new connection: [Errno 8] nodename nor servname provided, or not known'))
crawling towed bike at date 2020-12-24
HTTPSConnectionPool(host='mybike.ntu.edu.tw', port=443): Max retries exceeded with url: /bike.announcement/towing/fdate/MjAyMC8xMi8wOQ==/page/100 (Caused by NewConnectionError('<urllib3.connection.VerifiedHTTPSConnection object at 0x7febdf95b090>: Failed to establish a new connection: [Errno 8] nodename nor servname provided, or not known'))
HTTPSConnectionPool(host='mybike.ntu.edu.tw', port=443): Max retries exceeded with url: /bike.announcement/towing/fdate/MjAyMC8xMi8xNg==/page/100 (Caused by NewConnectionError('<urllib3.connection.VerifiedHTTPSConnection object at 0x7febdf951cd0>: Failed to establish a new connection: [Errno 8] nodename nor servname provided, or not known'))
HTTPSConnectionPool(host='mybike.ntu.edu.tw', port=443): Max retries exceeded with url: /bike.announcement/towing/fdate/MjAyMC8xMi8yMw==/page/100 (Caused by NewConnectionError('<urllib3.connection.VerifiedHTTPSConnection object at 0x7febdf95bd90>: Failed to establish a new connection: [Errno 8] nodename nor servname provided, or not known'))
HTTPSConnectionPool(host='mybike.ntu.edu.tw', port=443): Max retries exceeded with url: /bike.announcement/towing/fdate/MjAyMC8xMi8wNw==/page/100 (Caused by NewConnectionError('<urllib3.connection.VerifiedHTTPSConnection object at 0x7febdf95bf10>: Failed to establish a new connection: [Errno 8] nodename nor servname provided, or not known'))
HTTPSConnectionPool(host='mybike.ntu.edu.tw', port=443): Max retries exceeded with url: /bike.announcement/towing/fdate/MjAyMC8xMi8yMQ==/page/100 (Caused by NewConnectionError('<urllib3.connection.VerifiedHTTPSConnection object at 0x7febdf9670d0>: Failed to establish a new connection: [Errno 8] nodename nor servname provided, or not known'))
HTTPSConnectionPool(host='mybike.ntu.edu.tw', port=443): Max retries exceeded with url: /bike.announcement/towing/fdate/MjAyMC8xMi8wOA==/page/100 (Caused by NewConnectionError('<urllib3.connection.VerifiedHTTPSConnection object at 0x7febdf947fd0>: Failed to establish a new connection: [Errno 8] nodename nor servname provided, or not known'))
HTTPSConnectionPool(host='mybike.ntu.edu.tw', port=443): Max retries exceeded with url: /bike.announcement/towing/fdate/MjAyMC8xMi8wNg==/page/100 (Caused by NewConnectionError('<urllib3.connection.VerifiedHTTPSConnection object at 0x7febdf967250>: Failed to establish a new connection: [Errno 8] nodename nor servname provided, or not known'))
HTTPSConnectionPool(host='mybike.ntu.edu.tw', port=443): Max retries exceeded with url: /bike.announcement/towing/fdate/MjAyMC8xMi8xMA==/page/100 (Caused by NewConnectionError('<urllib3.connection.VerifiedHTTPSConnection object at 0x7febdf947b10>: Failed to establish a new connection: [Errno 8] nodename nor servname provided, or not known'))
HTTPSConnectionPool(host='mybike.ntu.edu.tw', port=443): Max retries exceeded with url: /bike.announcement/towing/fdate/MjAyMC8xMi8yMA==/page/100 (Caused by NewConnectionError('<urllib3.connection.VerifiedHTTPSConnection object at 0x7febdf967b10>: Failed to establish a new connection: [Errno 8] nodename nor servname provided, or not known'))
crawling towed bike at date 2020-12-25
crawling towed bike at date 2020-12-26
HTTPSConnectionPool(host='mybike.ntu.edu.tw', port=443): Max retries exceeded with url: /bike.announcement/towing/fdate/MjAyMC8xMi8yMg==/page/100 (Caused by NewConnectionError('<urllib3.connection.VerifiedHTTPSConnection object at 0x7febdf967f50>: Failed to establish a new connection: [Errno 8] nodename nor servname provided, or not known'))
HTTPSConnectionPool(host='mybike.ntu.edu.tw', port=443): Max retries exceeded with url: /bike.announcement/towing/fdate/MjAyMC8xMi8yNA==/page/100 (Caused by NewConnectionError('<urllib3.connection.VerifiedHTTPSConnection object at 0x7febdf981590>: Failed to establish a new connection: [Errno 8] nodename nor servname provided, or not known'))HTTPSConnectionPool(host='mybike.ntu.edu.tw', port=443): Max retries exceeded with url: /bike.announcement/towing/fdate/MjAyMC8xMi8xMw==/page/100 (Caused by NewConnectionError('<urllib3.connection.VerifiedHTTPSConnection object at 0x7febdf981450>: Failed to establish a new connection: [Errno 8] nodename nor servname provided, or not known'))
crawling towed bike at date 2020-12-27

HTTPSConnectionPool(host='mybike.ntu.edu.tw', port=443): Max retries exceeded with url: /bike.announcement/towing/fdate/MjAyMC8xMi8xMQ==/page/100 (Caused by NewConnectionError('<urllib3.connection.VerifiedHTTPSConnection object at 0x7febdf979850>: Failed to establish a new connection: [Errno 8] nodename nor servname provided, or not known'))
HTTPSConnectionPool(host='mybike.ntu.edu.tw', port=443): Max retries exceeded with url: /bike.announcement/towing/fdate/MjAyMC8xMi8xMg==/page/100 (Caused by NewConnectionError('<urllib3.connection.VerifiedHTTPSConnection object at 0x7febdf988310>: Failed to establish a new connection: [Errno 8] nodename nor servname provided, or not known'))
crawling towed bike at date 2020-12-28
HTTPSConnectionPool(host='mybike.ntu.edu.tw', port=443): Max retries exceeded with url: /bike.announcement/towing/fdate/MjAyMC8xMi8yNQ==/page/100 (Caused by NewConnectionError('<urllib3.connection.VerifiedHTTPSConnection object at 0x7febdf9672d0>: Failed to establish a new connection: [Errno 8] nodename nor servname provided, or not known'))
HTTPSConnectionPool(host='mybike.ntu.edu.tw', port=443): Max retries exceeded with url: /bike.announcement/towing/fdate/MjAyMC8xMi8yNg==/page/100 (Caused by NewConnectionError('<urllib3.connection.VerifiedHTTPSConnection object at 0x7febdf991650>: Failed to establish a new connection: [Errno 8] nodename nor servname provided, or not known'))
HTTPSConnectionPool(host='mybike.ntu.edu.tw', port=443): Max retries exceeded with url: /bike.announcement/towing/fdate/MjAyMC8xMi8yNw==/page/100 (Caused by NewConnectionError('<urllib3.connection.VerifiedHTTPSConnection object at 0x7febdf991350>: Failed to establish a new connection: [Errno 8] nodename nor servname provided, or not known'))
HTTPSConnectionPool(host='mybike.ntu.edu.tw', port=443): Max retries exceeded with url: /bike.announcement/towing/fdate/MjAyMC8xMi8yOA==/page/100 (Caused by NewConnectionError('<urllib3.connection.VerifiedHTTPSConnection object at 0x7febdf991790>: Failed to establish a new connection: [Errno 8] nodename nor servname provided, or not known'))
have get all data from websites
===================================================================

===================================================================
web crawling program running...
current time: 12/28/20 17:42:35
getting all entry from 2020/12/01 to today from website...
crawling towed bike at date 2020-12-01
crawling towed bike at date 2020-12-02
crawling towed bike at date 2020-12-03
crawling towed bike at date 2020-12-04
crawling towed bike at date 2020-12-05
crawling towed bike at date 2020-12-06
crawling towed bike at date 2020-12-07
crawling towed bike at date 2020-12-08
crawling towed bike at date 2020-12-09
crawling towed bike at date 2020-12-10
crawling towed bike at date 2020-12-11
crawling towed bike at date 2020-12-12
crawling towed bike at date 2020-12-13
crawling towed bike at date 2020-12-14
crawling towed bike at date 2020-12-15
crawling towed bike at date 2020-12-16
crawling towed bike at date 2020-12-17
crawling towed bike at date 2020-12-18
crawling towed bike at date 2020-12-19
crawling towed bike at date 2020-12-20
crawling towed bike at date 2020-12-21
crawling towed bike at date 2020-12-22
crawling towed bike at date 2020-12-23
crawling towed bike at date 2020-12-24
crawling towed bike at date 2020-12-25
crawling towed bike at date 2020-12-26
crawling towed bike at date 2020-12-27
crawling towed bike at date 2020-12-28
have get all data from websites
get all entry from 2020/12/01 to today from mySQL...
web bike count: 322
db bike count : 1356
check for update...
(no update need)
===================================================================

===================================================================
web crawling program running...
current time: 12/28/20 17:50:25
getting all entry from 2020/12/01 to today from website...
crawling towed bike at date 2020-12-01
crawling towed bike at date 2020-12-02
crawling towed bike at date 2020-12-03
crawling towed bike at date 2020-12-04
crawling towed bike at date 2020-12-05
crawling towed bike at date 2020-12-06
crawling towed bike at date 2020-12-07
crawling towed bike at date 2020-12-08
crawling towed bike at date 2020-12-09
crawling towed bike at date 2020-12-10
crawling towed bike at date 2020-12-11
crawling towed bike at date 2020-12-12
crawling towed bike at date 2020-12-13
crawling towed bike at date 2020-12-14
crawling towed bike at date 2020-12-15
crawling towed bike at date 2020-12-16
crawling towed bike at date 2020-12-17
crawling towed bike at date 2020-12-18
crawling towed bike at date 2020-12-19
crawling towed bike at date 2020-12-20
crawling towed bike at date 2020-12-21
crawling towed bike at date 2020-12-22
crawling towed bike at date 2020-12-23
crawling towed bike at date 2020-12-24
crawling towed bike at date 2020-12-25
crawling towed bike at date 2020-12-26
crawling towed bike at date 2020-12-27
crawling towed bike at date 2020-12-28
('Connection aborted.', OSError("(32, 'EPIPE')"))
('Connection aborted.', OSError("(32, 'EPIPE')"))
have get all data from websites
===================================================================

===================================================================
web crawling program running...
current time: 12/28/20 18:00:25
getting all entry from 2020/12/01 to today from website...
crawling towed bike at date 2020-12-01
crawling towed bike at date 2020-12-02
crawling towed bike at date 2020-12-03
crawling towed bike at date 2020-12-04
crawling towed bike at date 2020-12-05
crawling towed bike at date 2020-12-06
crawling towed bike at date 2020-12-07
crawling towed bike at date 2020-12-08
crawling towed bike at date 2020-12-09
crawling towed bike at date 2020-12-10
crawling towed bike at date 2020-12-11
crawling towed bike at date 2020-12-12
crawling towed bike at date 2020-12-13
crawling towed bike at date 2020-12-14
crawling towed bike at date 2020-12-15
crawling towed bike at date 2020-12-16
crawling towed bike at date 2020-12-17
crawling towed bike at date 2020-12-18
crawling towed bike at date 2020-12-19
crawling towed bike at date 2020-12-20
crawling towed bike at date 2020-12-21
crawling towed bike at date 2020-12-22
crawling towed bike at date 2020-12-23
crawling towed bike at date 2020-12-24
crawling towed bike at date 2020-12-25
crawling towed bike at date 2020-12-26
crawling towed bike at date 2020-12-27
crawling towed bike at date 2020-12-28
('Connection aborted.', OSError("(32, 'EPIPE')"))
('Connection aborted.', OSError("(32, 'EPIPE')"))
('Connection aborted.', OSError("(32, 'EPIPE')"))
have get all data from websites
===================================================================

===================================================================
web crawling program running...
current time: 12/28/20 18:10:21
getting all entry from 2020/12/01 to today from website...
crawling towed bike at date 2020-12-01
crawling towed bike at date 2020-12-02
crawling towed bike at date 2020-12-03
crawling towed bike at date 2020-12-04
crawling towed bike at date 2020-12-05
crawling towed bike at date 2020-12-06
crawling towed bike at date 2020-12-07
crawling towed bike at date 2020-12-08
crawling towed bike at date 2020-12-09
crawling towed bike at date 2020-12-10
crawling towed bike at date 2020-12-11
crawling towed bike at date 2020-12-12
crawling towed bike at date 2020-12-13
crawling towed bike at date 2020-12-14
crawling towed bike at date 2020-12-15
crawling towed bike at date 2020-12-16
crawling towed bike at date 2020-12-17
crawling towed bike at date 2020-12-18
crawling towed bike at date 2020-12-19
crawling towed bike at date 2020-12-20
crawling towed bike at date 2020-12-21
crawling towed bike at date 2020-12-22
crawling towed bike at date 2020-12-23
crawling towed bike at date 2020-12-24
crawling towed bike at date 2020-12-25
crawling towed bike at date 2020-12-26
crawling towed bike at date 2020-12-27
crawling towed bike at date 2020-12-28
have get all data from websites
get all entry from 2020/12/01 to today from mySQL...
web bike count: 322
db bike count : 1356
check for update...
(no update need)
===================================================================

===================================================================
web crawling program running...
current time: 12/28/20 18:20:23
getting all entry from 2020/12/01 to today from website...
crawling towed bike at date 2020-12-01
crawling towed bike at date 2020-12-02
crawling towed bike at date 2020-12-03
crawling towed bike at date 2020-12-04
crawling towed bike at date 2020-12-05
crawling towed bike at date 2020-12-06
crawling towed bike at date 2020-12-07
crawling towed bike at date 2020-12-08
crawling towed bike at date 2020-12-09
crawling towed bike at date 2020-12-10
crawling towed bike at date 2020-12-11
crawling towed bike at date 2020-12-12
crawling towed bike at date 2020-12-13
crawling towed bike at date 2020-12-14
crawling towed bike at date 2020-12-15
crawling towed bike at date 2020-12-16
crawling towed bike at date 2020-12-17
crawling towed bike at date 2020-12-18
crawling towed bike at date 2020-12-19
crawling towed bike at date 2020-12-20
crawling towed bike at date 2020-12-21
crawling towed bike at date 2020-12-22
crawling towed bike at date 2020-12-23
crawling towed bike at date 2020-12-24
crawling towed bike at date 2020-12-25
crawling towed bike at date 2020-12-26
crawling towed bike at date 2020-12-27
crawling towed bike at date 2020-12-28
('Connection aborted.', OSError("(32, 'EPIPE')"))
have get all data from websites
===================================================================

===================================================================
web crawling program running...
current time: 12/28/20 18:30:17
getting all entry from 2020/12/01 to today from website...
crawling towed bike at date 2020-12-01
crawling towed bike at date 2020-12-02
crawling towed bike at date 2020-12-03
crawling towed bike at date 2020-12-04
crawling towed bike at date 2020-12-05
crawling towed bike at date 2020-12-06
crawling towed bike at date 2020-12-07
crawling towed bike at date 2020-12-08
crawling towed bike at date 2020-12-09
crawling towed bike at date 2020-12-10
crawling towed bike at date 2020-12-11
crawling towed bike at date 2020-12-12
crawling towed bike at date 2020-12-13
crawling towed bike at date 2020-12-14
crawling towed bike at date 2020-12-15
crawling towed bike at date 2020-12-16
crawling towed bike at date 2020-12-17
crawling towed bike at date 2020-12-18
crawling towed bike at date 2020-12-19
crawling towed bike at date 2020-12-20
crawling towed bike at date 2020-12-21
crawling towed bike at date 2020-12-22
crawling towed bike at date 2020-12-23
crawling towed bike at date 2020-12-24
crawling towed bike at date 2020-12-25
crawling towed bike at date 2020-12-26
crawling towed bike at date 2020-12-27
crawling towed bike at date 2020-12-28
have get all data from websites
get all entry from 2020/12/01 to today from mySQL...
web bike count: 322
db bike count : 1356
check for update...
(no update need)
===================================================================

===================================================================
web crawling program running...
current time: 12/28/20 18:40:22
getting all entry from 2020/12/01 to today from website...
crawling towed bike at date 2020-12-01
crawling towed bike at date 2020-12-02
crawling towed bike at date 2020-12-03
crawling towed bike at date 2020-12-04
crawling towed bike at date 2020-12-05
crawling towed bike at date 2020-12-06
crawling towed bike at date 2020-12-07
crawling towed bike at date 2020-12-08
crawling towed bike at date 2020-12-09
crawling towed bike at date 2020-12-10
crawling towed bike at date 2020-12-11
crawling towed bike at date 2020-12-12
crawling towed bike at date 2020-12-13
crawling towed bike at date 2020-12-14
crawling towed bike at date 2020-12-15
crawling towed bike at date 2020-12-16
crawling towed bike at date 2020-12-17
crawling towed bike at date 2020-12-18
crawling towed bike at date 2020-12-19
crawling towed bike at date 2020-12-20
crawling towed bike at date 2020-12-21
crawling towed bike at date 2020-12-22
crawling towed bike at date 2020-12-23
crawling towed bike at date 2020-12-24
crawling towed bike at date 2020-12-25
crawling towed bike at date 2020-12-26
crawling towed bike at date 2020-12-27
crawling towed bike at date 2020-12-28
('Connection aborted.', OSError("(32, 'EPIPE')"))
have get all data from websites
===================================================================

===================================================================
web crawling program running...
current time: 12/28/20 18:50:23
getting all entry from 2020/12/01 to today from website...
crawling towed bike at date 2020-12-01
crawling towed bike at date 2020-12-02
crawling towed bike at date 2020-12-03
crawling towed bike at date 2020-12-04
crawling towed bike at date 2020-12-05
crawling towed bike at date 2020-12-06
crawling towed bike at date 2020-12-07
crawling towed bike at date 2020-12-08
crawling towed bike at date 2020-12-09
crawling towed bike at date 2020-12-10
crawling towed bike at date 2020-12-11
crawling towed bike at date 2020-12-12
crawling towed bike at date 2020-12-13
crawling towed bike at date 2020-12-14
crawling towed bike at date 2020-12-15
crawling towed bike at date 2020-12-16
crawling towed bike at date 2020-12-17
crawling towed bike at date 2020-12-18
crawling towed bike at date 2020-12-19
crawling towed bike at date 2020-12-20
crawling towed bike at date 2020-12-21
crawling towed bike at date 2020-12-22
crawling towed bike at date 2020-12-23
crawling towed bike at date 2020-12-24
crawling towed bike at date 2020-12-25
crawling towed bike at date 2020-12-26
crawling towed bike at date 2020-12-27
crawling towed bike at date 2020-12-28
have get all data from websites
get all entry from 2020/12/01 to today from mySQL...
web bike count: 322
db bike count : 1356
check for update...
(no update need)
===================================================================

